<?xml version="1.0" encoding="UTF-8"?>
<coverage generated="1643477700264" clover="3.2.0">
  <project timestamp="1643477700264" name="All files">
    <metrics statements="20" coveredstatements="6" conditionals="10" coveredconditionals="4" methods="3" coveredmethods="1" elements="33" coveredelements="11" complexity="0" loc="20" ncloc="20" packages="1" files="2" classes="2"/>
    <file name="emotionChecker.js" path="/Users/fatmagamal/Training-Projects/FWD/webpack-NLP/src/client/js/emotionChecker.js">
      <metrics statements="6" coveredstatements="6" conditionals="4" coveredconditionals="4" methods="1" coveredmethods="1"/>
      <line num="2" count="3" type="cond" truecount="2" falsecount="0"/>
      <line num="3" count="1" type="stmt"/>
      <line num="6" count="2" type="stmt"/>
      <line num="16" count="2" type="cond" truecount="2" falsecount="0"/>
      <line num="17" count="1" type="stmt"/>
      <line num="19" count="1" type="stmt"/>
    </file>
    <file name="formHandler.js" path="/Users/fatmagamal/Training-Projects/FWD/webpack-NLP/src/client/js/formHandler.js">
      <metrics statements="14" coveredstatements="0" conditionals="6" coveredconditionals="0" methods="2" coveredmethods="0"/>
      <line num="4" count="0" type="stmt"/>
      <line num="7" count="0" type="stmt"/>
      <line num="8" count="0" type="stmt"/>
      <line num="9" count="0" type="cond" truecount="0" falsecount="2"/>
      <line num="11" count="0" type="stmt"/>
      <line num="13" count="0" type="cond" truecount="0" falsecount="2"/>
      <line num="14" count="0" type="stmt"/>
      <line num="16" count="0" type="stmt"/>
      <line num="19" count="0" type="stmt"/>
      <line num="21" count="0" type="cond" truecount="0" falsecount="2"/>
      <line num="22" count="0" type="stmt"/>
      <line num="23" count="0" type="stmt"/>
      <line num="25" count="0" type="stmt"/>
      <line num="29" count="0" type="stmt"/>
    </file>
  </project>
</coverage>
