<?xml version="1.0" encoding="UTF-8"?>
<coverage generated="1643714047883" clover="3.2.0">
  <project timestamp="1643714047883" name="All files">
    <metrics statements="24" coveredstatements="8" conditionals="8" coveredconditionals="4" methods="5" coveredmethods="2" elements="37" coveredelements="14" complexity="0" loc="24" ncloc="24" packages="1" files="2" classes="2"/>
    <file name="emotionChecker.js" path="/Users/fatmagamal/Training-Projects/FWD/webpack-NLP/src/client/js/emotionChecker.js">
      <metrics statements="4" coveredstatements="4" conditionals="2" coveredconditionals="2" methods="1" coveredmethods="1"/>
      <line num="2" count="3" type="stmt"/>
      <line num="12" count="3" type="cond" truecount="2" falsecount="0"/>
      <line num="13" count="1" type="stmt"/>
      <line num="15" count="2" type="stmt"/>
    </file>
    <file name="formHandler.js" path="/Users/fatmagamal/Training-Projects/FWD/webpack-NLP/src/client/js/formHandler.js">
      <metrics statements="20" coveredstatements="4" conditionals="6" coveredconditionals="2" methods="4" coveredmethods="1"/>
      <line num="4" count="0" type="stmt"/>
      <line num="7" count="0" type="stmt"/>
      <line num="8" count="0" type="stmt"/>
      <line num="9" count="0" type="cond" truecount="0" falsecount="2"/>
      <line num="10" count="0" type="stmt"/>
      <line num="12" count="0" type="cond" truecount="0" falsecount="2"/>
      <line num="13" count="0" type="stmt"/>
      <line num="15" count="0" type="stmt"/>
      <line num="18" count="0" type="stmt"/>
      <line num="20" count="0" type="stmt"/>
      <line num="21" count="0" type="stmt"/>
      <line num="24" count="0" type="stmt"/>
      <line num="25" count="0" type="stmt"/>
      <line num="29" count="0" type="stmt"/>
      <line num="32" count="0" type="stmt"/>
      <line num="33" count="0" type="stmt"/>
      <line num="41" count="3" type="cond" truecount="2" falsecount="0"/>
      <line num="42" count="1" type="stmt"/>
      <line num="46" count="2" type="stmt"/>
      <line num="47" count="2" type="stmt"/>
    </file>
  </project>
</coverage>
