{"/Users/fatmagamal/Training-Projects/FWD/webpack-NLP/src/client/js/emotionChecker.js": {"path":"/Users/fatmagamal/Training-Projects/FWD/webpack-NLP/src/client/js/emotionChecker.js","statementMap":{"0":{"start":{"line":2,"column":19},"end":{"line":10,"column":5}},"1":{"start":{"line":12,"column":4},"end":{"line":16,"column":5}},"2":{"start":{"line":13,"column":8},"end":{"line":13,"column":25}},"3":{"start":{"line":15,"column":8},"end":{"line":15,"column":21}}},"fnMap":{"0":{"name":"checkForEmotion","decl":{"start":{"line":1,"column":9},"end":{"line":1,"column":24}},"loc":{"start":{"line":1,"column":36},"end":{"line":17,"column":1}},"line":1}},"branchMap":{"0":{"loc":{"start":{"line":12,"column":4},"end":{"line":16,"column":5}},"type":"if","locations":[{"start":{"line":12,"column":4},"end":{"line":16,"column":5}},{"start":{"line":14,"column":11},"end":{"line":16,"column":5}}],"line":12}},"s":{"0":3,"1":3,"2":1,"3":2},"f":{"0":3},"b":{"0":[1,2]},"_coverageSchema":"1a1c01bbd47fc00a2c39e90264f33305004495a9","hash":"5fa8bb061d3809a8dc4cd09985547ada723e592c"}
,"/Users/fatmagamal/Training-Projects/FWD/webpack-NLP/src/client/js/formHandler.js": {"path":"/Users/fatmagamal/Training-Projects/FWD/webpack-NLP/src/client/js/formHandler.js","statementMap":{"0":{"start":{"line":4,"column":4},"end":{"line":4,"column":26}},"1":{"start":{"line":7,"column":19},"end":{"line":7,"column":56}},"2":{"start":{"line":8,"column":4},"end":{"line":8,"column":41}},"3":{"start":{"line":9,"column":4},"end":{"line":37,"column":5}},"4":{"start":{"line":10,"column":35},"end":{"line":10,"column":67}},"5":{"start":{"line":12,"column":8},"end":{"line":16,"column":9}},"6":{"start":{"line":13,"column":12},"end":{"line":13,"column":64}},"7":{"start":{"line":15,"column":12},"end":{"line":15,"column":58}},"8":{"start":{"line":18,"column":8},"end":{"line":30,"column":15}},"9":{"start":{"line":20,"column":16},"end":{"line":20,"column":77}},"10":{"start":{"line":21,"column":16},"end":{"line":21,"column":82}},"11":{"start":{"line":24,"column":16},"end":{"line":24,"column":77}},"12":{"start":{"line":25,"column":16},"end":{"line":28,"column":22}},"13":{"start":{"line":29,"column":16},"end":{"line":29,"column":41}},"14":{"start":{"line":32,"column":8},"end":{"line":32,"column":69}},"15":{"start":{"line":33,"column":8},"end":{"line":36,"column":14}},"16":{"start":{"line":41,"column":4},"end":{"line":43,"column":5}},"17":{"start":{"line":42,"column":8},"end":{"line":42,"column":21}},"18":{"start":{"line":46,"column":16},"end":{"line":46,"column":42}},"19":{"start":{"line":47,"column":4},"end":{"line":47,"column":17}}},"fnMap":{"0":{"name":"handleSubmit","decl":{"start":{"line":3,"column":9},"end":{"line":3,"column":21}},"loc":{"start":{"line":3,"column":29},"end":{"line":38,"column":1}},"line":3},"1":{"name":"(anonymous_1)","decl":{"start":{"line":19,"column":18},"end":{"line":19,"column":19}},"loc":{"start":{"line":19,"column":27},"end":{"line":22,"column":13}},"line":19},"2":{"name":"(anonymous_2)","decl":{"start":{"line":23,"column":19},"end":{"line":23,"column":20}},"loc":{"start":{"line":23,"column":28},"end":{"line":30,"column":13}},"line":23},"3":{"name":"isInputValid","decl":{"start":{"line":40,"column":9},"end":{"line":40,"column":21}},"loc":{"start":{"line":40,"column":28},"end":{"line":48,"column":1}},"line":40}},"branchMap":{"0":{"loc":{"start":{"line":9,"column":4},"end":{"line":37,"column":5}},"type":"if","locations":[{"start":{"line":9,"column":4},"end":{"line":37,"column":5}},{"start":{"line":31,"column":11},"end":{"line":37,"column":5}}],"line":9},"1":{"loc":{"start":{"line":12,"column":8},"end":{"line":16,"column":9}},"type":"if","locations":[{"start":{"line":12,"column":8},"end":{"line":16,"column":9}},{"start":{"line":14,"column":15},"end":{"line":16,"column":9}}],"line":12},"2":{"loc":{"start":{"line":41,"column":4},"end":{"line":43,"column":5}},"type":"if","locations":[{"start":{"line":41,"column":4},"end":{"line":43,"column":5}},{"start":{},"end":{}}],"line":41}},"s":{"0":0,"1":0,"2":0,"3":0,"4":0,"5":0,"6":0,"7":0,"8":0,"9":0,"10":0,"11":0,"12":0,"13":0,"14":0,"15":0,"16":3,"17":1,"18":2,"19":2},"f":{"0":0,"1":0,"2":0,"3":3},"b":{"0":[0,0],"1":[0,0],"2":[1,2]},"_coverageSchema":"1a1c01bbd47fc00a2c39e90264f33305004495a9","hash":"768badf073d6890cc6c21432ec84fd8c3e995d7f"}
}
