{"/Users/fatmagamal/Training-Projects/FWD/webpack-NLP/src/client/js/emotionChecker.js": {"path":"/Users/fatmagamal/Training-Projects/FWD/webpack-NLP/src/client/js/emotionChecker.js","statementMap":{"0":{"start":{"line":2,"column":4},"end":{"line":4,"column":5}},"1":{"start":{"line":3,"column":8},"end":{"line":3,"column":21}},"2":{"start":{"line":6,"column":19},"end":{"line":14,"column":5}},"3":{"start":{"line":16,"column":4},"end":{"line":20,"column":5}},"4":{"start":{"line":17,"column":8},"end":{"line":17,"column":25}},"5":{"start":{"line":19,"column":8},"end":{"line":19,"column":21}}},"fnMap":{"0":{"name":"checkForValue","decl":{"start":{"line":1,"column":9},"end":{"line":1,"column":22}},"loc":{"start":{"line":1,"column":34},"end":{"line":21,"column":1}},"line":1}},"branchMap":{"0":{"loc":{"start":{"line":2,"column":4},"end":{"line":4,"column":5}},"type":"if","locations":[{"start":{"line":2,"column":4},"end":{"line":4,"column":5}},{"start":{},"end":{}}],"line":2},"1":{"loc":{"start":{"line":16,"column":4},"end":{"line":20,"column":5}},"type":"if","locations":[{"start":{"line":16,"column":4},"end":{"line":20,"column":5}},{"start":{"line":18,"column":11},"end":{"line":20,"column":5}}],"line":16}},"s":{"0":3,"1":1,"2":2,"3":2,"4":1,"5":1},"f":{"0":3},"b":{"0":[1,2],"1":[1,1]},"_coverageSchema":"1a1c01bbd47fc00a2c39e90264f33305004495a9","hash":"4f5ff205c39141cff1e766103ca8d5e39f0845a8"}
,"/Users/fatmagamal/Training-Projects/FWD/webpack-NLP/src/client/js/formHandler.js": {"path":"/Users/fatmagamal/Training-Projects/FWD/webpack-NLP/src/client/js/formHandler.js","statementMap":{"0":{"start":{"line":4,"column":4},"end":{"line":4,"column":26}},"1":{"start":{"line":7,"column":19},"end":{"line":7,"column":56}},"2":{"start":{"line":8,"column":4},"end":{"line":8,"column":41}},"3":{"start":{"line":9,"column":4},"end":{"line":30,"column":5}},"4":{"start":{"line":11,"column":35},"end":{"line":11,"column":65}},"5":{"start":{"line":13,"column":8},"end":{"line":17,"column":9}},"6":{"start":{"line":14,"column":12},"end":{"line":14,"column":64}},"7":{"start":{"line":16,"column":12},"end":{"line":16,"column":58}},"8":{"start":{"line":19,"column":8},"end":{"line":27,"column":11}},"9":{"start":{"line":21,"column":12},"end":{"line":26,"column":13}},"10":{"start":{"line":22,"column":16},"end":{"line":22,"column":77}},"11":{"start":{"line":23,"column":16},"end":{"line":23,"column":82}},"12":{"start":{"line":25,"column":16},"end":{"line":25,"column":93}},"13":{"start":{"line":29,"column":8},"end":{"line":29,"column":68}}},"fnMap":{"0":{"name":"handleSubmit","decl":{"start":{"line":3,"column":9},"end":{"line":3,"column":21}},"loc":{"start":{"line":3,"column":29},"end":{"line":31,"column":1}},"line":3},"1":{"name":"(anonymous_1)","decl":{"start":{"line":20,"column":18},"end":{"line":20,"column":19}},"loc":{"start":{"line":20,"column":32},"end":{"line":27,"column":9}},"line":20}},"branchMap":{"0":{"loc":{"start":{"line":9,"column":4},"end":{"line":30,"column":5}},"type":"if","locations":[{"start":{"line":9,"column":4},"end":{"line":30,"column":5}},{"start":{"line":28,"column":11},"end":{"line":30,"column":5}}],"line":9},"1":{"loc":{"start":{"line":13,"column":8},"end":{"line":17,"column":9}},"type":"if","locations":[{"start":{"line":13,"column":8},"end":{"line":17,"column":9}},{"start":{"line":15,"column":15},"end":{"line":17,"column":9}}],"line":13},"2":{"loc":{"start":{"line":21,"column":12},"end":{"line":26,"column":13}},"type":"if","locations":[{"start":{"line":21,"column":12},"end":{"line":26,"column":13}},{"start":{"line":24,"column":19},"end":{"line":26,"column":13}}],"line":21}},"s":{"0":0,"1":0,"2":0,"3":0,"4":0,"5":0,"6":0,"7":0,"8":0,"9":0,"10":0,"11":0,"12":0,"13":0},"f":{"0":0,"1":0},"b":{"0":[0,0],"1":[0,0],"2":[0,0]},"_coverageSchema":"1a1c01bbd47fc00a2c39e90264f33305004495a9","hash":"9170e4448a2bdecff7c3e144e15f7412d2f9daea"}
}
