TN:
SF:src/client/js/emotionChecker.js
FN:1,checkForValue
FNF:1
FNH:1
FNDA:3,checkForValue
DA:2,3
DA:3,1
DA:6,2
DA:16,2
DA:17,1
DA:19,1
LF:6
LH:6
BRDA:2,0,0,1
BRDA:2,0,1,2
BRDA:16,1,0,1
BRDA:16,1,1,1
BRF:4
BRH:4
end_of_record
TN:
SF:src/client/js/formHandler.js
FN:3,handleSubmit
FN:20,(anonymous_1)
FNF:2
FNH:0
FNDA:0,handleSubmit
FNDA:0,(anonymous_1)
DA:4,0
DA:7,0
DA:8,0
DA:9,0
DA:11,0
DA:13,0
DA:14,0
DA:16,0
DA:19,0
DA:21,0
DA:22,0
DA:23,0
DA:25,0
DA:29,0
LF:14
LH:0
BRDA:9,0,0,0
BRDA:9,0,1,0
BRDA:13,1,0,0
BRDA:13,1,1,0
BRDA:21,2,0,0
BRDA:21,2,1,0
BRF:6
BRH:0
end_of_record
