TN:
SF:src/client/js/emotionChecker.js
FN:1,checkForEmotion
FNF:1
FNH:1
FNDA:3,checkForEmotion
DA:2,3
DA:12,3
DA:13,1
DA:15,2
LF:4
LH:4
BRDA:12,0,0,1
BRDA:12,0,1,2
BRF:2
BRH:2
end_of_record
TN:
SF:src/client/js/formHandler.js
FN:3,handleSubmit
FN:19,(anonymous_1)
FN:23,(anonymous_2)
FN:40,isInputValid
FNF:4
FNH:1
FNDA:0,handleSubmit
FNDA:0,(anonymous_1)
FNDA:0,(anonymous_2)
FNDA:3,isInputValid
DA:4,0
DA:7,0
DA:8,0
DA:9,0
DA:10,0
DA:12,0
DA:13,0
DA:15,0
DA:18,0
DA:20,0
DA:21,0
DA:24,0
DA:25,0
DA:29,0
DA:32,0
DA:33,0
DA:41,3
DA:42,1
DA:46,2
DA:47,2
LF:20
LH:4
BRDA:9,0,0,0
BRDA:9,0,1,0
BRDA:12,1,0,0
BRDA:12,1,1,0
BRDA:41,2,0,1
BRDA:41,2,1,2
BRF:6
BRH:2
end_of_record
